<?xml version="1.0" encoding="UTF-8"?>
<testsuite xmlns:xsi="http://www.w3.org/2001/XMLSchema-instance" xsi:noNamespaceSchemaLocation="https://maven.apache.org/surefire/maven-surefire-plugin/xsd/surefire-test-report.xsd" name="nl.han.ica.oose.spottitube.controllers.PlaylistControllerTest" time="0.003" tests="2" errors="0" skipped="0" failures="0">
  <properties>
[...]
</properties>
  <testcase name="testGetAllPlaylistsReturnsPlaylistsIfTokenMatches" classname="nl.han.ica.oose.spottitube.controllers.PlaylistControllerTest" time="0"/>
  <testcase name="testGetAllPlaylistsReturnsUnauthorizedIfTokenDoesntMatch" classname="nl.han.ica.oose.spottitube.controllers.PlaylistControllerTest" time="0"/>
</testsuite>